<?xml version="1.0" encoding="UTF-8"?>
<TestRun id="7cfa2c2a-c391-4c26-b102-be18ce21fba6" name="ravikarthik@KARTHIK 2019-12-07 21:56:54" runUser="karthik\ravikarthik" xmlns="http://microsoft.com/schemas/VisualStudio/TeamTest/2010">
  <TestSettings name="Local" id="33c811b7-5bea-41b8-914e-0c47b34d7086">
    <Description>These are default test settings for a local test run.</Description>
    <Deployment enabled="false" runDeploymentRoot="ravikarthik_KARTHIK 2019-12-07 21_56_54">
      <DeploymentItem filename="C:\Users\ravikarthik\Desktop\CSharp\BakeryProj\BakeryProj\bin\Debug\BakeryProj.exe" />
    </Deployment>
    <Execution>
      <TestTypeSpecific />
      <AgentRule name="Execution Agents">
      </AgentRule>
    </Execution>
  </TestSettings>
  <Times creation="2019-12-07T21:56:54.4409522+05:30" queuing="2019-12-07T21:56:54.5009356+05:30" start="2019-12-07T21:56:54.5089320+05:30" finish="2019-12-07T21:56:55.2614136+05:30" />
  <ResultSummary outcome="Failed">
    <Counters total="1" executed="1" error="0" failed="1" timeout="0" aborted="0" inconclusive="0" passedButRunAborted="0" notRunnable="0" notExecuted="0" disconnected="0" warning="0" passed="0" completed="0" inProgress="0" pending="0" />
  </ResultSummary>
  <TestDefinitions>
    <UnitTest name="calculate_crossaintWithIncorrectOutput" storage="c:\users\ravikarthik\desktop\csharp\bakeryproj\bakerytestproject\bin\debug\bakerytestproject.dll" id="16407c3c-e96a-23b5-488c-c96bbbcc0a2a">
      <Execution id="dbe0f618-fa0f-44d5-9f20-ee1bc7146882" />
      <TestMethod codeBase="C:/Users/ravikarthik/Desktop/CSharp/BakeryProj/BakeryTestProject/bin/Debug/BakeryTestProject.DLL" adapterTypeName="Microsoft.VisualStudio.TestTools.TestTypes.Unit.UnitTestAdapter, Microsoft.VisualStudio.QualityTools.Tips.UnitTest.Adapter, Version=10.0.0.0, Culture=neutral, PublicKeyToken=b03f5f7f11d50a3a" className="BakeryTestProject.UnitTestCroissant, BakeryTestProject, Version=1.0.0.0, Culture=neutral, PublicKeyToken=null" name="calculate_crossaintWithIncorrectOutput" />
    </UnitTest>
  </TestDefinitions>
  <TestLists>
    <TestList name="Results Not in a List" id="8c84fa94-04c1-424b-9868-57a2d4851a1d" />
    <TestList name="All Loaded Results" id="19431567-8539-422a-85d7-44ee4e166bda" />
  </TestLists>
  <TestEntries>
    <TestEntry testId="16407c3c-e96a-23b5-488c-c96bbbcc0a2a" executionId="dbe0f618-fa0f-44d5-9f20-ee1bc7146882" testListId="8c84fa94-04c1-424b-9868-57a2d4851a1d" />
  </TestEntries>
  <Results>
    <UnitTestResult executionId="dbe0f618-fa0f-44d5-9f20-ee1bc7146882" testId="16407c3c-e96a-23b5-488c-c96bbbcc0a2a" testName="calculate_crossaintWithIncorrectOutput" computerName="KARTHIK" duration="00:00:00.0504527" startTime="2019-12-07T21:56:54.5209295+05:30" endTime="2019-12-07T21:56:55.2374208+05:30" testType="13cdc9d9-ddb5-4fa4-a97d-d965ccfc6d4b" outcome="Failed" testListId="8c84fa94-04c1-424b-9868-57a2d4851a1d" relativeResultsDirectory="dbe0f618-fa0f-44d5-9f20-ee1bc7146882">
      <Output>
        <ErrorInfo>
          <Message>Assert.IsTrue failed. </Message>
          <StackTrace>   at BakeryTestProject.UnitTestCroissant.calculate_crossaintWithIncorrectOutput() in C:\Users\ravikarthik\Desktop\CSharp\BakeryProj\BakeryTestProject\UnitTestCroissant.cs:line 43
</StackTrace>
        </ErrorInfo>
      </Output>
    </UnitTestResult>
  </Results>
</TestRun>