<?xml version="1.0" encoding="UTF-8"?>
<TestRun id="60cc242c-be70-46ed-93d5-4b371b2376c1" name="ravikarthik@KARTHIK 2019-12-07 21:56:26" runUser="karthik\ravikarthik" xmlns="http://microsoft.com/schemas/VisualStudio/TeamTest/2010">
  <TestSettings name="Local" id="33c811b7-5bea-41b8-914e-0c47b34d7086">
    <Description>These are default test settings for a local test run.</Description>
    <Deployment enabled="false" runDeploymentRoot="ravikarthik_KARTHIK 2019-12-07 21_56_26">
      <DeploymentItem filename="C:\Users\ravikarthik\Desktop\CSharp\BakeryProj\BakeryProj\bin\Debug\BakeryProj.exe" />
    </Deployment>
    <Execution>
      <TestTypeSpecific />
      <AgentRule name="Execution Agents">
      </AgentRule>
    </Execution>
  </TestSettings>
  <Times creation="2019-12-07T21:56:26.7717804+05:30" queuing="2019-12-07T21:56:26.8197710+05:30" start="2019-12-07T21:56:26.8277668+05:30" finish="2019-12-07T21:56:27.5895519+05:30" />
  <ResultSummary outcome="Completed">
    <Counters total="1" executed="1" passed="1" error="0" failed="0" timeout="0" aborted="0" inconclusive="0" passedButRunAborted="0" notRunnable="0" notExecuted="0" disconnected="0" warning="0" completed="0" inProgress="0" pending="0" />
  </ResultSummary>
  <TestDefinitions>
    <UnitTest name="calculate_crossaintWithIncorrectOutput" storage="c:\users\ravikarthik\desktop\csharp\bakeryproj\bakerytestproject\bin\debug\bakerytestproject.dll" id="16407c3c-e96a-23b5-488c-c96bbbcc0a2a">
      <Execution id="8fc28449-4500-4695-83a4-324414616dd7" />
      <TestMethod codeBase="C:/Users/ravikarthik/Desktop/CSharp/BakeryProj/BakeryTestProject/bin/Debug/BakeryTestProject.DLL" adapterTypeName="Microsoft.VisualStudio.TestTools.TestTypes.Unit.UnitTestAdapter, Microsoft.VisualStudio.QualityTools.Tips.UnitTest.Adapter, Version=10.0.0.0, Culture=neutral, PublicKeyToken=b03f5f7f11d50a3a" className="BakeryTestProject.UnitTestCroissant, BakeryTestProject, Version=1.0.0.0, Culture=neutral, PublicKeyToken=null" name="calculate_crossaintWithIncorrectOutput" />
    </UnitTest>
  </TestDefinitions>
  <TestLists>
    <TestList name="Results Not in a List" id="8c84fa94-04c1-424b-9868-57a2d4851a1d" />
    <TestList name="All Loaded Results" id="19431567-8539-422a-85d7-44ee4e166bda" />
  </TestLists>
  <TestEntries>
    <TestEntry testId="16407c3c-e96a-23b5-488c-c96bbbcc0a2a" executionId="8fc28449-4500-4695-83a4-324414616dd7" testListId="8c84fa94-04c1-424b-9868-57a2d4851a1d" />
  </TestEntries>
  <Results>
    <UnitTestResult executionId="8fc28449-4500-4695-83a4-324414616dd7" testId="16407c3c-e96a-23b5-488c-c96bbbcc0a2a" testName="calculate_crossaintWithIncorrectOutput" computerName="KARTHIK" duration="00:00:00.0244663" startTime="2019-12-07T21:56:26.8397642+05:30" endTime="2019-12-07T21:56:27.5575597+05:30" testType="13cdc9d9-ddb5-4fa4-a97d-d965ccfc6d4b" outcome="Passed" testListId="8c84fa94-04c1-424b-9868-57a2d4851a1d" relativeResultsDirectory="8fc28449-4500-4695-83a4-324414616dd7">
    </UnitTestResult>
  </Results>
</TestRun>