<?xml version="1.0" encoding="UTF-8"?>
<TestRun id="ac93d178-f6d2-42a6-8fea-c478a66718b6" name="ravikarthik@KARTHIK 2019-12-08 22:57:03" runUser="karthik\ravikarthik" xmlns="http://microsoft.com/schemas/VisualStudio/TeamTest/2010">
  <TestSettings name="Local" id="33c811b7-5bea-41b8-914e-0c47b34d7086">
    <Description>These are default test settings for a local test run.</Description>
    <Deployment enabled="false" runDeploymentRoot="ravikarthik_KARTHIK 2019-12-08 22_57_03">
      <DeploymentItem filename="C:\Users\ravikarthik\Desktop\CSharp\BakeryProj\BakeryProj\bin\Debug\BakeryProj.exe" />
    </Deployment>
    <Execution>
      <TestTypeSpecific />
      <AgentRule name="Execution Agents">
      </AgentRule>
    </Execution>
  </TestSettings>
  <Times creation="2019-12-08T22:57:03.5932659+05:30" queuing="2019-12-08T22:57:03.6557608+05:30" start="2019-12-08T22:57:03.6617682+05:30" finish="2019-12-08T22:57:04.3117990+05:30" />
  <ResultSummary outcome="Completed">
    <Counters total="1" executed="1" passed="1" error="0" failed="0" timeout="0" aborted="0" inconclusive="0" passedButRunAborted="0" notRunnable="0" notExecuted="0" disconnected="0" warning="0" completed="0" inProgress="0" pending="0" />
  </ResultSummary>
  <TestDefinitions>
    <UnitTest name="CalculateBlueberryMuffin" storage="c:\users\ravikarthik\desktop\csharp\bakeryproj\bakerytestproject\bin\debug\bakerytestproject.dll" id="a1bea695-9489-220a-fddd-75bffb683f81">
      <Execution id="3a57dd9b-841d-4929-a774-a9be6aa85393" />
      <TestMethod codeBase="C:/Users/ravikarthik/Desktop/CSharp/BakeryProj/BakeryTestProject/bin/Debug/BakeryTestProject.DLL" adapterTypeName="Microsoft.VisualStudio.TestTools.TestTypes.Unit.UnitTestAdapter, Microsoft.VisualStudio.QualityTools.Tips.UnitTest.Adapter, Version=10.0.0.0, Culture=neutral, PublicKeyToken=b03f5f7f11d50a3a" className="BakeryTestProject.UnitTestBlueberryMuffin, BakeryTestProject, Version=1.0.0.0, Culture=neutral, PublicKeyToken=null" name="CalculateBlueberryMuffin" />
    </UnitTest>
  </TestDefinitions>
  <TestLists>
    <TestList name="Results Not in a List" id="8c84fa94-04c1-424b-9868-57a2d4851a1d" />
    <TestList name="All Loaded Results" id="19431567-8539-422a-85d7-44ee4e166bda" />
  </TestLists>
  <TestEntries>
    <TestEntry testId="a1bea695-9489-220a-fddd-75bffb683f81" executionId="3a57dd9b-841d-4929-a774-a9be6aa85393" testListId="8c84fa94-04c1-424b-9868-57a2d4851a1d" />
  </TestEntries>
  <Results>
    <UnitTestResult executionId="3a57dd9b-841d-4929-a774-a9be6aa85393" testId="a1bea695-9489-220a-fddd-75bffb683f81" testName="CalculateBlueberryMuffin" computerName="KARTHIK" duration="00:00:00.0463163" startTime="2019-12-08T22:57:03.6617682+05:30" endTime="2019-12-08T22:57:04.2805513+05:30" testType="13cdc9d9-ddb5-4fa4-a97d-d965ccfc6d4b" outcome="Passed" testListId="8c84fa94-04c1-424b-9868-57a2d4851a1d" relativeResultsDirectory="3a57dd9b-841d-4929-a774-a9be6aa85393">
    </UnitTestResult>
  </Results>
</TestRun>