<?xml version="1.0" encoding="UTF-8"?>
<TestRun id="ed30ecde-30cb-4d0f-850c-b9d3c89baeb0" name="ravikarthik@KARTHIK 2019-12-07 21:59:37" runUser="karthik\ravikarthik" xmlns="http://microsoft.com/schemas/VisualStudio/TeamTest/2010">
  <TestSettings name="Local" id="33c811b7-5bea-41b8-914e-0c47b34d7086">
    <Description>These are default test settings for a local test run.</Description>
    <Deployment enabled="false" runDeploymentRoot="ravikarthik_KARTHIK 2019-12-07 21_59_37">
      <DeploymentItem filename="C:\Users\ravikarthik\Desktop\CSharp\BakeryProj\BakeryProj\bin\Debug\BakeryProj.exe" />
    </Deployment>
    <Execution>
      <TestTypeSpecific />
      <AgentRule name="Execution Agents">
      </AgentRule>
    </Execution>
  </TestSettings>
  <Times creation="2019-12-07T21:59:37.0189691+05:30" queuing="2019-12-07T21:59:37.0669590+05:30" start="2019-12-07T21:59:37.0749525+05:30" finish="2019-12-07T21:59:37.6388139+05:30" />
  <ResultSummary outcome="Completed">
    <Counters total="1" executed="1" passed="1" error="0" failed="0" timeout="0" aborted="0" inconclusive="0" passedButRunAborted="0" notRunnable="0" notExecuted="0" disconnected="0" warning="0" completed="0" inProgress="0" pending="0" />
  </ResultSummary>
  <TestDefinitions>
    <UnitTest name="calculate_crossaintWithNullInputput" storage="c:\users\ravikarthik\desktop\csharp\bakeryproj\bakerytestproject\bin\debug\bakerytestproject.dll" id="57ade7cd-4426-3386-1bb2-09504060c15c">
      <Execution id="0b13aefe-e53f-4994-9f4a-3fd4d2b86e5f" />
      <TestMethod codeBase="C:/Users/ravikarthik/Desktop/CSharp/BakeryProj/BakeryTestProject/bin/Debug/BakeryTestProject.DLL" adapterTypeName="Microsoft.VisualStudio.TestTools.TestTypes.Unit.UnitTestAdapter, Microsoft.VisualStudio.QualityTools.Tips.UnitTest.Adapter, Version=10.0.0.0, Culture=neutral, PublicKeyToken=b03f5f7f11d50a3a" className="BakeryTestProject.UnitTestCroissant, BakeryTestProject, Version=1.0.0.0, Culture=neutral, PublicKeyToken=null" name="calculate_crossaintWithNullInputput" />
    </UnitTest>
  </TestDefinitions>
  <TestLists>
    <TestList name="Results Not in a List" id="8c84fa94-04c1-424b-9868-57a2d4851a1d" />
    <TestList name="All Loaded Results" id="19431567-8539-422a-85d7-44ee4e166bda" />
  </TestLists>
  <TestEntries>
    <TestEntry testId="57ade7cd-4426-3386-1bb2-09504060c15c" executionId="0b13aefe-e53f-4994-9f4a-3fd4d2b86e5f" testListId="8c84fa94-04c1-424b-9868-57a2d4851a1d" />
  </TestEntries>
  <Results>
    <UnitTestResult executionId="0b13aefe-e53f-4994-9f4a-3fd4d2b86e5f" testId="57ade7cd-4426-3386-1bb2-09504060c15c" testName="calculate_crossaintWithNullInputput" computerName="KARTHIK" duration="00:00:00.0510929" startTime="2019-12-07T21:59:37.0829510+05:30" endTime="2019-12-07T21:59:37.6188174+05:30" testType="13cdc9d9-ddb5-4fa4-a97d-d965ccfc6d4b" outcome="Passed" testListId="8c84fa94-04c1-424b-9868-57a2d4851a1d" relativeResultsDirectory="0b13aefe-e53f-4994-9f4a-3fd4d2b86e5f">
    </UnitTestResult>
  </Results>
</TestRun>